<?xml version="1.0" encoding="UTF-8"?>
<!-- Generated by org.testng.reporters.JUnitReportReporter -->
<testsuite hostname="Users-MacBook-Pro.local" failures="0" tests="1" name="runnerPackage.runnerPackage" time="0.007" errors="0" timestamp="2020-06-11T05:16:26 EDT" skipped="0">
  <testcase classname="runnerPackage.runnerPackage" name="f" time="0.007"/>
  <system-out/>
</testsuite> <!-- runnerPackage.runnerPackage -->
