<?xml version="1.0" encoding="UTF-8"?>
<!-- Generated by org.testng.reporters.JUnitReportReporter -->
<testsuite hostname="Users-MacBook-Pro.local" failures="0" tests="1" name="runnerPackage.TestRunner" time="3.634" errors="0" timestamp="2020-06-11T06:32:03 EDT" skipped="0">
  <testcase classname="runnerPackage.TestRunner" name="runScenario" time="3.634"/>
  <system-out/>
</testsuite> <!-- runnerPackage.TestRunner -->
