<?xml version="1.0" encoding="UTF-8"?>
<!-- Generated by org.testng.reporters.JUnitReportReporter -->
<testsuite hostname="Users-MacBook-Pro.local" failures="0" tests="4" name="runnerPackage.TestRunner" time="10.588" errors="0" timestamp="2020-06-11T14:03:26 EDT" skipped="0">
  <testcase classname="runnerPackage.TestRunner" name="runScenario" time="2.259"/>
  <system-out/>
  <testcase classname="runnerPackage.TestRunner" name="runScenario" time="3.853"/>
  <system-out/>
  <testcase classname="runnerPackage.TestRunner" name="runScenario" time="2.441"/>
  <system-out/>
  <testcase classname="runnerPackage.TestRunner" name="runScenario" time="2.035"/>
  <system-out/>
</testsuite> <!-- runnerPackage.TestRunner -->
